<?xml version="1.0" encoding="UTF-8"?>
<!-- Generated by org.testng.reporters.JUnitXMLReporter -->
<testsuite hostname="icgua-pc-350" name="Nopackage" tests="3" failures="1" timestamp="21 Feb 2018 10:32:37 GMT" time="62.749" errors="0">
  <testcase name="compareNumbersOfPhotos" time="12.074" classname="functionalTest.CheckPhotoNumbers">
    <failure type="java.lang.AssertionError" message="expected [false] but found [true]">
      <![CDATA[java.lang.AssertionError: expected [false] but found [true]
	at functionalTest.CheckPhotoNumbers.compareNumbersOfPhotos(CheckPhotoNumbers.java:43)
... Removed 37 stack frames]]>
    </failure>
  </testcase> <!-- compareNumbersOfPhotos -->
  <testcase name="compareLinksStrings" time="0.001" classname="functionalTest.ComparePictures"/>
  <testcase name="comparePicturesTest" time="12.084" classname="functionalTest.ComparePictures"/>
</testsuite> <!-- Nopackage -->
